<?xml version="1.0" encoding="UTF-8"?>
<!-- Generated by org.testng.reporters.JUnitXMLReporter -->
<testsuite ignored="0" hostname="DESKTOP-3PU757K" failures="0" tests="3" name="Test" time="32.992" errors="0" timestamp="2022-06-02T17:49:24 IST">
  <testcase classname="WebApplication_TestClass.Apsrtc_homesecreen_TestClass" name="clickSourceTextField" time="3.175"/>
  <testcase classname="WebApplication_TestClass.Apsrtc_homesecreen_TestClass" name="clickDestinationTextField" time="6.31"/>
  <testcase classname="WebApplication_TestClass.Apsrtc_homesecreen_TestClass" name="clickJourneyTextfield" time="9.637"/>
</testsuite> <!-- Test -->
