<?xml version="1.0" encoding="UTF-8"?>
<testng-results skipped="0" failed="0" ignored="0" total="1" passed="1">
  <reporter-output>
  </reporter-output>
  <suite name="Default suite" duration-ms="7057" started-at="2022-06-07T10:57:14 IST" finished-at="2022-06-07T10:57:21 IST">
    <groups>
    </groups>
    <test name="Default test" duration-ms="7057" started-at="2022-06-07T10:57:14 IST" finished-at="2022-06-07T10:57:21 IST">
      <class name="WebApplication_TestClass.Apsrtc_homesecreen_TestClass">
        <test-method status="PASS" signature="reports()[pri:0, instance:WebApplication_TestClass.Apsrtc_homesecreen_TestClass@545997b1]" name="reports" is-config="true" duration-ms="436" started-at="2022-06-07T10:57:14 IST" finished-at="2022-06-07T10:57:14 IST">
          <reporter-output>
          </reporter-output>
        </test-method> <!-- reports -->
        <test-method status="PASS" signature="getUrl()[pri:0, instance:WebApplication_TestClass.Apsrtc_homesecreen_TestClass@545997b1]" name="getUrl" duration-ms="6595" started-at="2022-06-07T10:57:14 IST" finished-at="2022-06-07T10:57:21 IST">
          <reporter-output>
          </reporter-output>
        </test-method> <!-- getUrl -->
      </class> <!-- WebApplication_TestClass.Apsrtc_homesecreen_TestClass -->
    </test> <!-- Default test -->
  </suite> <!-- Default suite -->
</testng-results>
